{"/Users/michael/Projects/twitch-markov-bot/src/bot.ts": {"path":"/Users/michael/Projects/twitch-markov-bot/src/bot.ts","statementMap":{"0":{"start":{"line":1,"column":13},"end":{"line":1,"column":42}},"1":{"start":{"line":1,"column":42},"end":{"line":1,"column":55}},"2":{"start":{"line":2,"column":16},"end":{"line":9,"column":1}},"3":{"start":{"line":3,"column":4},"end":{"line":8,"column":7}},"4":{"start":{"line":4,"column":36},"end":{"line":4,"column":97}},"5":{"start":{"line":4,"column":42},"end":{"line":4,"column":70}},"6":{"start":{"line":4,"column":85},"end":{"line":4,"column":95}},"7":{"start":{"line":5,"column":35},"end":{"line":5,"column":100}},"8":{"start":{"line":5,"column":41},"end":{"line":5,"column":73}},"9":{"start":{"line":5,"column":88},"end":{"line":5,"column":98}},"10":{"start":{"line":6,"column":32},"end":{"line":6,"column":149}},"11":{"start":{"line":6,"column":97},"end":{"line":6,"column":119}},"12":{"start":{"line":7,"column":8},"end":{"line":7,"column":78}},"13":{"start":{"line":10,"column":0},"end":{"line":10,"column":62}},"14":{"start":{"line":11,"column":15},"end":{"line":11,"column":32}},"15":{"start":{"line":12,"column":17},"end":{"line":12,"column":36}},"16":{"start":{"line":16,"column":0},"end":{"line":16,"column":32}},"17":{"start":{"line":18,"column":4},"end":{"line":18,"column":64}},"18":{"start":{"line":21,"column":4},"end":{"line":23,"column":5}},"19":{"start":{"line":22,"column":8},"end":{"line":22,"column":41}},"20":{"start":{"line":25,"column":0},"end":{"line":25,"column":40}},"21":{"start":{"line":26,"column":0},"end":{"line":26,"column":38}},"22":{"start":{"line":27,"column":0},"end":{"line":27,"column":40}},"23":{"start":{"line":28,"column":0},"end":{"line":28,"column":36}},"24":{"start":{"line":31,"column":8},"end":{"line":41,"column":11}},"25":{"start":{"line":33,"column":12},"end":{"line":38,"column":13}},"26":{"start":{"line":34,"column":16},"end":{"line":34,"column":38}},"27":{"start":{"line":37,"column":16},"end":{"line":37,"column":35}},"28":{"start":{"line":39,"column":12},"end":{"line":39,"column":61}},"29":{"start":{"line":40,"column":12},"end":{"line":40,"column":28}},"30":{"start":{"line":44,"column":8},"end":{"line":47,"column":11}},"31":{"start":{"line":45,"column":12},"end":{"line":45,"column":42}},"32":{"start":{"line":46,"column":12},"end":{"line":46,"column":41}},"33":{"start":{"line":50,"column":8},"end":{"line":58,"column":11}},"34":{"start":{"line":51,"column":12},"end":{"line":57,"column":15}},"35":{"start":{"line":61,"column":8},"end":{"line":62,"column":11}},"36":{"start":{"line":68,"column":0},"end":{"line":68,"column":34}},"37":{"start":{"line":69,"column":12},"end":{"line":69,"column":21}}},"fnMap":{"0":{"name":"(anonymous_0)","decl":{"start":{"line":2,"column":44},"end":{"line":2,"column":45}},"loc":{"start":{"line":2,"column":89},"end":{"line":9,"column":1}},"line":2},"1":{"name":"(anonymous_1)","decl":{"start":{"line":3,"column":36},"end":{"line":3,"column":37}},"loc":{"start":{"line":3,"column":63},"end":{"line":8,"column":5}},"line":3},"2":{"name":"fulfilled","decl":{"start":{"line":4,"column":17},"end":{"line":4,"column":26}},"loc":{"start":{"line":4,"column":34},"end":{"line":4,"column":99}},"line":4},"3":{"name":"rejected","decl":{"start":{"line":5,"column":17},"end":{"line":5,"column":25}},"loc":{"start":{"line":5,"column":33},"end":{"line":5,"column":102}},"line":5},"4":{"name":"step","decl":{"start":{"line":6,"column":17},"end":{"line":6,"column":21}},"loc":{"start":{"line":6,"column":30},"end":{"line":6,"column":151}},"line":6},"5":{"name":"(anonymous_5)","decl":{"start":{"line":6,"column":76},"end":{"line":6,"column":77}},"loc":{"start":{"line":6,"column":95},"end":{"line":6,"column":121}},"line":6},"6":{"name":"environmentVariableMissing","decl":{"start":{"line":17,"column":9},"end":{"line":17,"column":35}},"loc":{"start":{"line":17,"column":42},"end":{"line":19,"column":1}},"line":17},"7":{"name":"checkEnvironmentVariable","decl":{"start":{"line":20,"column":9},"end":{"line":20,"column":33}},"loc":{"start":{"line":20,"column":40},"end":{"line":24,"column":1}},"line":20},"8":{"name":"(anonymous_8)","decl":{"start":{"line":30,"column":4},"end":{"line":30,"column":5}},"loc":{"start":{"line":30,"column":18},"end":{"line":42,"column":5}},"line":30},"9":{"name":"(anonymous_9)","decl":{"start":{"line":31,"column":27},"end":{"line":31,"column":28}},"loc":{"start":{"line":31,"column":33},"end":{"line":41,"column":9}},"line":31},"10":{"name":"(anonymous_10)","decl":{"start":{"line":43,"column":4},"end":{"line":43,"column":5}},"loc":{"start":{"line":43,"column":12},"end":{"line":48,"column":5}},"line":43},"11":{"name":"(anonymous_11)","decl":{"start":{"line":44,"column":47},"end":{"line":44,"column":48}},"loc":{"start":{"line":44,"column":60},"end":{"line":47,"column":9}},"line":44},"12":{"name":"(anonymous_12)","decl":{"start":{"line":49,"column":4},"end":{"line":49,"column":5}},"loc":{"start":{"line":49,"column":23},"end":{"line":59,"column":5}},"line":49},"13":{"name":"(anonymous_13)","decl":{"start":{"line":50,"column":47},"end":{"line":50,"column":48}},"loc":{"start":{"line":50,"column":60},"end":{"line":58,"column":9}},"line":50},"14":{"name":"(anonymous_14)","decl":{"start":{"line":60,"column":4},"end":{"line":60,"column":5}},"loc":{"start":{"line":60,"column":22},"end":{"line":63,"column":5}},"line":60},"15":{"name":"(anonymous_15)","decl":{"start":{"line":61,"column":47},"end":{"line":61,"column":48}},"loc":{"start":{"line":61,"column":60},"end":{"line":62,"column":9}},"line":61}},"branchMap":{"0":{"loc":{"start":{"line":2,"column":16},"end":{"line":9,"column":1}},"type":"binary-expr","locations":[{"start":{"line":2,"column":17},"end":{"line":2,"column":21}},{"start":{"line":2,"column":25},"end":{"line":2,"column":39}},{"start":{"line":2,"column":44},"end":{"line":9,"column":1}}],"line":2},"1":{"loc":{"start":{"line":3,"column":16},"end":{"line":3,"column":34}},"type":"binary-expr","locations":[{"start":{"line":3,"column":16},"end":{"line":3,"column":17}},{"start":{"line":3,"column":22},"end":{"line":3,"column":33}}],"line":3},"2":{"loc":{"start":{"line":6,"column":32},"end":{"line":6,"column":148}},"type":"cond-expr","locations":[{"start":{"line":6,"column":46},"end":{"line":6,"column":67}},{"start":{"line":6,"column":70},"end":{"line":6,"column":148}}],"line":6},"3":{"loc":{"start":{"line":7,"column":51},"end":{"line":7,"column":67}},"type":"binary-expr","locations":[{"start":{"line":7,"column":51},"end":{"line":7,"column":61}},{"start":{"line":7,"column":65},"end":{"line":7,"column":67}}],"line":7},"4":{"loc":{"start":{"line":21,"column":4},"end":{"line":23,"column":5}},"type":"if","locations":[{"start":{"line":21,"column":4},"end":{"line":23,"column":5}},{"start":{"line":21,"column":4},"end":{"line":23,"column":5}}],"line":21},"5":{"loc":{"start":{"line":33,"column":12},"end":{"line":38,"column":13}},"type":"if","locations":[{"start":{"line":33,"column":12},"end":{"line":38,"column":13}},{"start":{"line":33,"column":12},"end":{"line":38,"column":13}}],"line":33}},"s":{"0":0,"1":0,"2":0,"3":0,"4":0,"5":0,"6":0,"7":0,"8":0,"9":0,"10":0,"11":0,"12":0,"13":0,"14":0,"15":0,"16":0,"17":0,"18":0,"19":0,"20":0,"21":0,"22":0,"23":0,"24":0,"25":0,"26":0,"27":0,"28":0,"29":0,"30":0,"31":0,"32":0,"33":0,"34":0,"35":0,"36":0,"37":0},"f":{"0":0,"1":0,"2":0,"3":0,"4":0,"5":0,"6":0,"7":0,"8":0,"9":0,"10":0,"11":0,"12":0,"13":0,"14":0,"15":0},"b":{"0":[0,0,0],"1":[0,0],"2":[0,0],"3":[0,0],"4":[0,0],"5":[0,0]}}
,"/Users/michael/Projects/twitch-markov-bot/src/tokenize.ts": {"path":"/Users/michael/Projects/twitch-markov-bot/src/tokenize.ts","statementMap":{"0":{"start":{"line":1,"column":13},"end":{"line":1,"column":42}},"1":{"start":{"line":1,"column":42},"end":{"line":1,"column":55}},"2":{"start":{"line":2,"column":0},"end":{"line":2,"column":62}},"3":{"start":{"line":3,"column":0},"end":{"line":3,"column":34}},"4":{"start":{"line":4,"column":0},"end":{"line":4,"column":32}},"5":{"start":{"line":7,"column":8},"end":{"line":7,"column":33}},"6":{"start":{"line":8,"column":8},"end":{"line":8,"column":29}},"7":{"start":{"line":11,"column":0},"end":{"line":11,"column":22}},"8":{"start":{"line":12,"column":29},"end":{"line":12,"column":101}},"9":{"start":{"line":14,"column":4},"end":{"line":14,"column":50}},"10":{"start":{"line":15,"column":22},"end":{"line":15,"column":37}},"11":{"start":{"line":16,"column":19},"end":{"line":16,"column":21}},"12":{"start":{"line":17,"column":19},"end":{"line":17,"column":43}},"13":{"start":{"line":18,"column":4},"end":{"line":25,"column":5}},"14":{"start":{"line":19,"column":8},"end":{"line":21,"column":9}},"15":{"start":{"line":20,"column":12},"end":{"line":20,"column":21}},"16":{"start":{"line":22,"column":26},"end":{"line":22,"column":51}},"17":{"start":{"line":23,"column":8},"end":{"line":23,"column":31}},"18":{"start":{"line":24,"column":8},"end":{"line":24,"column":24}},"19":{"start":{"line":26,"column":4},"end":{"line":26,"column":61}},"20":{"start":{"line":27,"column":4},"end":{"line":27,"column":18}},"21":{"start":{"line":29,"column":0},"end":{"line":29,"column":27}}},"fnMap":{"0":{"name":"(anonymous_0)","decl":{"start":{"line":6,"column":4},"end":{"line":6,"column":5}},"loc":{"start":{"line":6,"column":34},"end":{"line":9,"column":5}},"line":6},"1":{"name":"Tokenize","decl":{"start":{"line":13,"column":9},"end":{"line":13,"column":17}},"loc":{"start":{"line":13,"column":24},"end":{"line":28,"column":1}},"line":13}},"branchMap":{"0":{"loc":{"start":{"line":19,"column":8},"end":{"line":21,"column":9}},"type":"if","locations":[{"start":{"line":19,"column":8},"end":{"line":21,"column":9}},{"start":{"line":19,"column":8},"end":{"line":21,"column":9}}],"line":19}},"s":{"0":1,"1":1,"2":1,"3":1,"4":1,"5":26,"6":26,"7":1,"8":1,"9":4,"10":4,"11":4,"12":4,"13":4,"14":13,"15":4,"16":9,"17":9,"18":9,"19":4,"20":4,"21":1},"f":{"0":26,"1":4},"b":{"0":[4,9]},"inputSourceMap":{"version":3,"file":"tokenize.js","sourceRoot":"","sources":["file:////Users/michael/Projects/twitch-markov-bot/src/tokenize.ts"],"names":[],"mappings":";;AAAa,QAAA,gBAAgB,GAAG,MAAM,CAAC;AAC1B,QAAA,cAAc,GAAG,MAAM,CAAC;AAErC;IAII,YAAY,QAAgB,EAAE,MAAc;QACxC,IAAI,CAAC,QAAQ,GAAG,QAAQ,CAAC;QACzB,IAAI,CAAC,MAAM,GAAG,MAAM,CAAC;IACzB,CAAC;CACJ;AARD,sBAQC;AAED,MAAM,oBAAoB,GAAG,IAAI,MAAM,CAAC,wBAAgB,GAAG,GAAG,GAAG,sBAAc,EAAE,GAAG,CAAC,CAAC;AACtF,kBAAkB,IAAY;IAC1B,IAAI,GAAG,IAAI,CAAC,OAAO,CAAC,oBAAoB,EAAE,EAAE,CAAC,CAAC;IAC9C,MAAM,SAAS,GAAG,IAAI,CAAC,KAAK,CAAC,GAAG,CAAC,CAAC;IAElC,MAAM,MAAM,GAAY,EAAE,CAAC;IAC3B,IAAI,QAAQ,GAAG,wBAAgB,CAAC;IAChC,GAAG,CAAA,CAAC,MAAM,IAAI,IAAI,SAAS,CAAC,CAAC,CAAC;QAC1B,EAAE,CAAA,CAAC,IAAI,KAAK,EAAE,CAAC,CAAC,CAAC;YAAC,QAAQ,CAAC;QAAC,CAAC,CAAC,uBAAuB;QAErD,MAAM,SAAS,GAAG,IAAI,KAAK,CAAC,QAAQ,EAAE,IAAI,CAAC,CAAC;QAC5C,MAAM,CAAC,IAAI,CAAC,SAAS,CAAC,CAAC;QAEvB,QAAQ,GAAG,IAAI,CAAC;IACpB,CAAC;IAED,MAAM,CAAC,IAAI,CAAC,IAAI,KAAK,CAAC,QAAQ,EAAE,sBAAc,CAAC,CAAC,CAAC;IAEjD,MAAM,CAAC,MAAM,CAAC;AAClB,CAAC;AAED,kBAAe,QAAQ,CAAC","sourcesContent":["export const TOKEN_LIST_BEGIN = \"\\x02\";\nexport const TOKEN_LIST_END = \"\\x03\";\n\nexport class Token {\n    public fromWord: string;\n    public toWord: string;\n\n    constructor(fromWord: string, toWord: string) {\n        this.fromWord = fromWord;\n        this.toWord = toWord;\n    }\n}\n\nconst FORBIDDEN_CHARACTERS = new RegExp(TOKEN_LIST_BEGIN + \"|\" + TOKEN_LIST_END, \"g\");\nfunction Tokenize(text: string): Token[] {\n    text = text.replace(FORBIDDEN_CHARACTERS, \"\");\n    const textSplit = text.split(\" \");\n\n    const tokens: Token[] = [];\n    let lastWord = TOKEN_LIST_BEGIN;\n    for(const word of textSplit) {\n        if(word === \"\") { continue; } // ignore empty strings\n\n        const thisToken = new Token(lastWord, word);\n        tokens.push(thisToken);\n\n        lastWord = word;\n    }\n\n    tokens.push(new Token(lastWord, TOKEN_LIST_END));\n\n    return tokens;\n}\n\nexport default Tokenize;\n"]},"_coverageSchema":"332fd63041d2c1bcb487cc26dd0d5f7d97098a6c","hash":"88b65d09d4c0775bb1b4348dc5198c4733d7a79e"}
,"/Users/michael/Projects/twitch-markov-bot/src/models/ChainLink.ts": {"path":"/Users/michael/Projects/twitch-markov-bot/src/models/ChainLink.ts","statementMap":{"0":{"start":{"line":1,"column":13},"end":{"line":1,"column":42}},"1":{"start":{"line":1,"column":42},"end":{"line":1,"column":55}},"2":{"start":{"line":2,"column":0},"end":{"line":2,"column":62}},"3":{"start":{"line":3,"column":17},"end":{"line":3,"column":36}},"4":{"start":{"line":4,"column":24},"end":{"line":8,"column":2}},"5":{"start":{"line":9,"column":18},"end":{"line":9,"column":62}},"6":{"start":{"line":10,"column":0},"end":{"line":10,"column":28}}},"fnMap":{},"branchMap":{},"s":{"0":0,"1":0,"2":0,"3":0,"4":0,"5":0,"6":0},"f":{},"b":{}}
}
