TN:
SF:/Users/michael/Projects/twitch-markov-bot/src/bot.ts
FN:2,(anonymous_0)
FN:3,(anonymous_1)
FN:4,fulfilled
FN:5,rejected
FN:6,step
FN:6,(anonymous_5)
FN:17,environmentVariableMissing
FN:20,checkEnvironmentVariable
FN:30,(anonymous_8)
FN:31,(anonymous_9)
FN:43,(anonymous_10)
FN:44,(anonymous_11)
FN:49,(anonymous_12)
FN:50,(anonymous_13)
FN:60,(anonymous_14)
FN:61,(anonymous_15)
FNF:16
FNH:0
FNDA:0,(anonymous_0)
FNDA:0,(anonymous_1)
FNDA:0,fulfilled
FNDA:0,rejected
FNDA:0,step
FNDA:0,(anonymous_5)
FNDA:0,environmentVariableMissing
FNDA:0,checkEnvironmentVariable
FNDA:0,(anonymous_8)
FNDA:0,(anonymous_9)
FNDA:0,(anonymous_10)
FNDA:0,(anonymous_11)
FNDA:0,(anonymous_12)
FNDA:0,(anonymous_13)
FNDA:0,(anonymous_14)
FNDA:0,(anonymous_15)
DA:1,0
DA:2,0
DA:3,0
DA:4,0
DA:5,0
DA:6,0
DA:7,0
DA:10,0
DA:11,0
DA:12,0
DA:16,0
DA:18,0
DA:21,0
DA:22,0
DA:25,0
DA:26,0
DA:27,0
DA:28,0
DA:31,0
DA:33,0
DA:34,0
DA:37,0
DA:39,0
DA:40,0
DA:44,0
DA:45,0
DA:46,0
DA:50,0
DA:51,0
DA:61,0
DA:68,0
DA:69,0
LF:32
LH:0
BRDA:2,0,0,0
BRDA:2,0,1,0
BRDA:2,0,2,0
BRDA:3,1,0,0
BRDA:3,1,1,0
BRDA:6,2,0,0
BRDA:6,2,1,0
BRDA:7,3,0,0
BRDA:7,3,1,0
BRDA:21,4,0,0
BRDA:21,4,1,0
BRDA:33,5,0,0
BRDA:33,5,1,0
BRF:13
BRH:0
end_of_record
TN:
SF:/Users/michael/Projects/twitch-markov-bot/src/tokenize.ts
FN:6,(anonymous_0)
FN:13,Tokenize
FNF:2
FNH:2
FNDA:26,(anonymous_0)
FNDA:4,Tokenize
DA:1,1
DA:2,1
DA:3,1
DA:4,1
DA:7,26
DA:8,26
DA:11,1
DA:12,1
DA:14,4
DA:15,4
DA:16,4
DA:17,4
DA:18,4
DA:19,13
DA:20,4
DA:22,9
DA:23,9
DA:24,9
DA:26,4
DA:27,4
DA:29,1
LF:21
LH:21
BRDA:19,0,0,4
BRDA:19,0,1,9
BRF:2
BRH:2
end_of_record
TN:
SF:/Users/michael/Projects/twitch-markov-bot/src/models/ChainLink.ts
FNF:0
FNH:0
DA:1,0
DA:2,0
DA:3,0
DA:4,0
DA:9,0
DA:10,0
LF:6
LH:0
BRF:0
BRH:0
end_of_record
